<?xml version="1.0" encoding="UTF-8" ?>
<testsuite tests="17" failures="0" name="com.grandmaster.chesspieces.RookTest" time="0" errors="0" skipped="0">
  <properties>
    <property name="java.runtime.name" value="Java(TM) SE Runtime Environment"/>
    <property name="sun.boot.library.path" value="C:\Program Files\Java\jdk1.8.0_111\jre\bin"/>
    <property name="java.vm.version" value="25.111-b14"/>
    <property name="java.vm.vendor" value="Oracle Corporation"/>
    <property name="maven.multiModuleProjectDirectory" value="C:\Users\Sean\workspace\grandmaster"/>
    <property name="java.vendor.url" value="http://java.oracle.com/"/>
    <property name="path.separator" value=";"/>
    <property name="guice.disable.misplaced.annotation.check" value="true"/>
    <property name="java.vm.name" value="Java HotSpot(TM) 64-Bit Server VM"/>
    <property name="file.encoding.pkg" value="sun.io"/>
    <property name="user.script" value=""/>
    <property name="user.country" value="US"/>
    <property name="sun.java.launcher" value="SUN_STANDARD"/>
    <property name="sun.os.patch.level" value=""/>
    <property name="java.vm.specification.name" value="Java Virtual Machine Specification"/>
    <property name="user.dir" value="C:\Users\Sean\workspace\grandmaster"/>
    <property name="java.runtime.version" value="1.8.0_111-b14"/>
    <property name="java.awt.graphicsenv" value="sun.awt.Win32GraphicsEnvironment"/>
    <property name="java.endorsed.dirs" value="C:\Program Files\Java\jdk1.8.0_111\jre\lib\endorsed"/>
    <property name="os.arch" value="amd64"/>
    <property name="java.io.tmpdir" value="C:\Users\Sean\AppData\Local\Temp\"/>
    <property name="line.separator" value="
"/>
    <property name="java.vm.specification.vendor" value="Oracle Corporation"/>
    <property name="user.variant" value=""/>
    <property name="os.name" value="Windows 10"/>
    <property name="classworlds.conf" value="C:\apache-maven-3.5.0\bin\..\bin\m2.conf"/>
    <property name="sun.jnu.encoding" value="Cp1252"/>
    <property name="java.library.path" value="C:\Program Files\Java\jdk1.8.0_111\bin;C:\Windows\Sun\Java\bin;C:\Windows\system32;C:\Windows;C:\Program Files\Java\jdk1.8.0_111\bin;C:\Perl64\site\bin;C:\Perl64\bin;C:\Program Files (x86)\Common Files\Intel\Shared Libraries\redist\intel64\compiler;C:\Program Files (x86)\Common Files\Intel\Shared Libraries\redist\ia32\compiler;C:\ProgramData\Oracle\Java\javapath;C:\Program Files (x86)\Razer Chroma SDK\bin;C:\Program Files\Razer Chroma SDK\bin;C:\Windows\system32;C:\Windows;C:\Windows\System32\Wbem;C:\Windows\System32\WindowsPowerShell\v1.0\;C:\Program Files\Microsoft\Web Platform Installer\;C:\Program Files (x86)\Steel Bank Common Lisp\1.3.5\;C:\Program Files (x86)\NVIDIA Corporation\PhysX\Common;C:\WINDOWS\system32;C:\WINDOWS;C:\WINDOWS\System32\Wbem;C:\WINDOWS\System32\WindowsPowerShell\v1.0\;C:\Users\Sean\AppData\Local\atom\bin;C:\MinGW\bin;C:\Program Files\GCL-2.6.6-CLtL1\bin;C:\Program Files\unix2dos\bin;C:\Program Files (x86)\Java\jre1.8.0_73\bin;C:\Users\Sean\AppData\Local\Microsoft\WindowsApps;C:\Program Files\Make\bin;C:\Program Files\MySQL\MySQL Server 5.1\bin;C:\PHP;C:\Program Files (x86)\GNU\GnuPG\pub;C:\Program Files\Microsoft SQL Server\130\Tools\Binn\;C:\Program Files\dotnet\;C:\Program Files\nodejs\;C:\Program Files\Git\cmd;C:\Program Files\Microsoft SQL Server\Client SDK\ODBC\130\Tools\Binn\;C:\Program Files (x86)\Microsoft SQL Server\130\Tools\Binn\;C:\Program Files\Microsoft SQL Server\130\DTS\Binn\;C:\Program Files (x86)\Microsoft SQL Server\Client SDK\ODBC\130\Tools\Binn\;C:\Program Files (x86)\Microsoft SQL Server\140\Tools\Binn\;C:\Program Files (x86)\Microsoft SQL Server\140\DTS\Binn\;C:\Program Files (x86)\Microsoft SQL Server\140\Tools\Binn\ManagementStudio\;C:\Python36\Python36-32;C:\Program Files (x86)\QuickTime\QTSystem\;C:\Program Files (x86)\Windows Kits\10\Windows Performance Toolkit\;C:\Users\Sean\AppData\Local\atom\bin;C:\MinGW\bin;C:\Program Files\GCL-2.6.6-CLtL1\bin;C:\Program Files\unix2dos\bin;C:\Program Files\Java\jdk1.8.0_111\bin;C:\Users\Sean\AppData\Local\Microsoft\WindowsApps;C:\Program Files\Make\bin;C:\apache-maven-3.5.0\bin;C:\Users\Sean\AppData\Roaming\npm;C:\Octave\Octave-4.2.1\bin;C:\Program Files\Notepad++;C:\Python36\Python36-32\Scripts;C:\Program Files\spring-2.1.2.RELEASE\bin\;."/>
    <property name="maven.conf" value="C:\apache-maven-3.5.0\bin\../conf"/>
    <property name="java.specification.name" value="Java Platform API Specification"/>
    <property name="java.class.version" value="52.0"/>
    <property name="sun.management.compiler" value="HotSpot 64-Bit Tiered Compilers"/>
    <property name="os.version" value="10.0"/>
    <property name="library.jansi.path" value="C:\apache-maven-3.5.0\bin\..\lib\jansi-native\windows64"/>
    <property name="user.home" value="C:\Users\Sean"/>
    <property name="user.timezone" value="America/New_York"/>
    <property name="java.awt.printerjob" value="sun.awt.windows.WPrinterJob"/>
    <property name="java.specification.version" value="1.8"/>
    <property name="file.encoding" value="Cp1252"/>
    <property name="user.name" value="Sean"/>
    <property name="java.class.path" value="C:\apache-maven-3.5.0\bin\..\boot\plexus-classworlds-2.5.2.jar"/>
    <property name="java.vm.specification.version" value="1.8"/>
    <property name="sun.arch.data.model" value="64"/>
    <property name="java.home" value="C:\Program Files\Java\jdk1.8.0_111\jre"/>
    <property name="sun.java.command" value="org.codehaus.plexus.classworlds.launcher.Launcher clean install"/>
    <property name="java.specification.vendor" value="Oracle Corporation"/>
    <property name="user.language" value="en"/>
    <property name="awt.toolkit" value="sun.awt.windows.WToolkit"/>
    <property name="java.vm.info" value="mixed mode"/>
    <property name="java.version" value="1.8.0_111"/>
    <property name="java.ext.dirs" value="C:\Program Files\Java\jdk1.8.0_111\jre\lib\ext;C:\Windows\Sun\Java\lib\ext"/>
    <property name="sun.boot.class.path" value="C:\Program Files\Java\jdk1.8.0_111\jre\lib\resources.jar;C:\Program Files\Java\jdk1.8.0_111\jre\lib\rt.jar;C:\Program Files\Java\jdk1.8.0_111\jre\lib\sunrsasign.jar;C:\Program Files\Java\jdk1.8.0_111\jre\lib\jsse.jar;C:\Program Files\Java\jdk1.8.0_111\jre\lib\jce.jar;C:\Program Files\Java\jdk1.8.0_111\jre\lib\charsets.jar;C:\Program Files\Java\jdk1.8.0_111\jre\lib\jfr.jar;C:\Program Files\Java\jdk1.8.0_111\jre\classes"/>
    <property name="sun.stderr.encoding" value="cp437"/>
    <property name="java.vendor" value="Oracle Corporation"/>
    <property name="maven.home" value="C:\apache-maven-3.5.0\bin\.."/>
    <property name="file.separator" value="\"/>
    <property name="java.vendor.url.bug" value="http://bugreport.sun.com/bugreport/"/>
    <property name="sun.cpu.endian" value="little"/>
    <property name="sun.io.unicode.encoding" value="UnicodeLittle"/>
    <property name="sun.stdout.encoding" value="cp437"/>
    <property name="sun.desktop" value="windows"/>
    <property name="sun.cpu.isalist" value="amd64"/>
  </properties>
  <testcase classname="com.grandmaster.chesspieces.RookTest" name="testValidMoveLeftOneSpace" time="0"/>
  <testcase classname="com.grandmaster.chesspieces.RookTest" name="testValidMoveLeftTwoSpaces" time="0"/>
  <testcase classname="com.grandmaster.chesspieces.RookTest" name="testValidMoveRightOneSpace" time="0"/>
  <testcase classname="com.grandmaster.chesspieces.RookTest" name="testValidMoveBackwardTwoSpaces" time="0"/>
  <testcase classname="com.grandmaster.chesspieces.RookTest" name="testInvalidMoveOutOfBounds" time="0"/>
  <testcase classname="com.grandmaster.chesspieces.RookTest" name="testInvalidMoveDiagonalForwardRightTwoSpaces" time="0"/>
  <testcase classname="com.grandmaster.chesspieces.RookTest" name="testValidMoveForwardOneSpace" time="0"/>
  <testcase classname="com.grandmaster.chesspieces.RookTest" name="testInvalidMoveDiagonalDownwardRightTwoSpaces" time="0"/>
  <testcase classname="com.grandmaster.chesspieces.RookTest" name="testInvalidMoveDiagonalForwardLeftOneSpace" time="0"/>
  <testcase classname="com.grandmaster.chesspieces.RookTest" name="testValidMoveForwardTwoSpaces" time="0"/>
  <testcase classname="com.grandmaster.chesspieces.RookTest" name="testInvalidMoveDiagonalDownwardLeftOneSpace" time="0"/>
  <testcase classname="com.grandmaster.chesspieces.RookTest" name="testValidMoveRightTwoSpaces" time="0"/>
  <testcase classname="com.grandmaster.chesspieces.RookTest" name="testInvalidMoveDiagonalDownwardLeftTwoSpaces" time="0"/>
  <testcase classname="com.grandmaster.chesspieces.RookTest" name="testValidMoveBackwardOneSpace" time="0"/>
  <testcase classname="com.grandmaster.chesspieces.RookTest" name="testInvalidMoveDiagonalForwardLeftTwoSpaces" time="0"/>
  <testcase classname="com.grandmaster.chesspieces.RookTest" name="testInvalidMoveDiagonalDownwardRightOneSpace" time="0"/>
  <testcase classname="com.grandmaster.chesspieces.RookTest" name="testInvalidMoveDiagonalForwardRightOneSpace" time="0"/>
</testsuite>